[21:42:09] [n6-architecture] Lock 획득: n6-architecture (PID 36732)
[21:42:09] [n6-architecture] === n6-architecture Growth Loop ===
[21:42:09] [n6-architecture]     cycles=1 interval=0s domain=architecture
[21:42:09] [n6-architecture] ━━━ Cycle 1/1 ━━━
[21:42:09] [n6-architecture] Phase: 아키텍처 문서 스캔
[21:42:09] [n6-architecture]   docs/ Markdown: 911개
[21:42:09] [n6-architecture] Phase: nexus6 tools 빌드
[21:42:09] [n6-architecture] WARN:   cargo check tools/nexus6: FAIL
[21:42:09] [n6-architecture] Phase: DSE 상태
[21:42:09] [n6-architecture]   dse/ 디렉토리 없음
[21:42:09] [n6-architecture] Phase: 성장 스캔
[21:42:09] [n6-architecture]   .growth/scan.py 없음 — skip
[21:42:09] [n6-architecture] 📡 NEXUS-6 scan
[21:42:09] [n6-architecture]       [EmLens] 2 entries
[21:42:09] [n6-architecture]   
[21:42:09] [n6-architecture]     Scan complete.
[21:42:10] [n6-architecture]     Growth Log:
[21:42:10] [n6-architecture]       [2026-04-04T08:33:15.929921] stage_up: seedling → forest
[21:42:10] [n6-architecture]   ═══════════════════════════════════════════
[21:42:14] [n6-architecture] 📦 Committed cycle 1
[21:42:14] [n6-architecture] === n6-architecture Growth 완료 (1 cycles) ===
[23:25:14] [n6-architecture] Lock 획득: n6-architecture (PID 396)
[23:25:14] [n6-architecture] === n6-architecture Growth Loop ===
[23:25:14] [n6-architecture]     cycles=1 interval=0s domain=architecture
[23:25:14] [n6-architecture] ━━━ Cycle 1/1 ━━━
[23:25:14] [n6-architecture] WARN: 과부하 — 60초 대기
[23:26:14] [n6-architecture] === n6-architecture Growth 완료 (1 cycles) ===
[04:03:47] [n6-architecture] Lock 획득: n6-architecture (PID 1092)
[04:03:47] [n6-architecture] === n6-architecture Growth Loop ===
[04:03:47] [n6-architecture]     cycles=--max-cycles interval=999s domain=architecture
[04:03:47] [n6-architecture] === n6-architecture Growth 완료 (0 cycles) ===
[04:33:47] [n6-architecture] Lock 획득: n6-architecture (PID 27392)
[04:33:47] [n6-architecture] === n6-architecture Growth Loop ===
[04:33:47] [n6-architecture]     cycles=--max-cycles interval=999s domain=architecture
[04:33:47] [n6-architecture] === n6-architecture Growth 완료 (0 cycles) ===
[05:03:48] [n6-architecture] Lock 획득: n6-architecture (PID 71648)
[05:03:49] [n6-architecture] === n6-architecture Growth Loop ===
[05:03:49] [n6-architecture]     cycles=--max-cycles interval=999s domain=architecture
[05:03:49] [n6-architecture] === n6-architecture Growth 완료 (0 cycles) ===
[05:33:49] [n6-architecture] Lock 획득: n6-architecture (PID 11304)
[05:33:49] [n6-architecture] === n6-architecture Growth Loop ===
[05:33:49] [n6-architecture]     cycles=--max-cycles interval=999s domain=architecture
[05:33:49] [n6-architecture] === n6-architecture Growth 완료 (0 cycles) ===
[06:03:50] [n6-architecture] Lock 획득: n6-architecture (PID 54705)
[06:03:50] [n6-architecture] === n6-architecture Growth Loop ===
[06:03:50] [n6-architecture]     cycles=--max-cycles interval=999s domain=architecture
[06:03:50] [n6-architecture] === n6-architecture Growth 완료 (0 cycles) ===
[06:33:50] [n6-architecture] Lock 획득: n6-architecture (PID 9281)
[06:33:50] [n6-architecture] === n6-architecture Growth Loop ===
[06:33:50] [n6-architecture]     cycles=--max-cycles interval=999s domain=architecture
[06:33:50] [n6-architecture] === n6-architecture Growth 완료 (0 cycles) ===
[07:03:50] [n6-architecture] Lock 획득: n6-architecture (PID 59755)
[07:03:50] [n6-architecture] === n6-architecture Growth Loop ===
[07:03:50] [n6-architecture]     cycles=--max-cycles interval=999s domain=architecture
[07:03:50] [n6-architecture] === n6-architecture Growth 완료 (0 cycles) ===
[07:33:50] [n6-architecture] Lock 획득: n6-architecture (PID 94648)
[07:33:50] [n6-architecture] === n6-architecture Growth Loop ===
[07:33:50] [n6-architecture]     cycles=--max-cycles interval=999s domain=architecture
[07:33:51] [n6-architecture] === n6-architecture Growth 완료 (0 cycles) ===
[08:03:52] [n6-architecture] Lock 획득: n6-architecture (PID 29969)
[08:03:52] [n6-architecture] === n6-architecture Growth Loop ===
[08:03:52] [n6-architecture]     cycles=--max-cycles interval=999s domain=architecture
[08:03:52] [n6-architecture] === n6-architecture Growth 완료 (0 cycles) ===
[08:34:13] [n6-architecture] Lock 획득: n6-architecture (PID 1173)
[08:34:13] [n6-architecture] === n6-architecture Growth Loop ===
[08:34:13] [n6-architecture]     cycles=--max-cycles interval=999s domain=architecture
[08:34:13] [n6-architecture] === n6-architecture Growth 완료 (0 cycles) ===
[17:55:28] [n6-architecture] Lock 획득: n6-architecture (PID 1648)
[17:55:28] [n6-architecture] === n6-architecture Growth Loop ===
[17:55:28] [n6-architecture]     cycles=--max-cycles interval=999s domain=architecture
[17:55:28] [n6-architecture] === n6-architecture Growth 완료 (0 cycles) ===
