== Rust → HEXA 렌즈 포팅 청크 7 로그 ==
날짜: 2026-04-11
범위: q~r 시작 (18 파일)
입력: /Users/ghost/Dev/n6-architecture/nexus/src/telescope/lenses/<filename>.rs
출력: /Users/ghost/Dev/nexus/shared/lenses/<filename>.hexa
템플릿: beekeeping_colony_division.hexa
규칙: 한글 / HEXA v0.1.0 / 원본 보존 / R1/R18/R19

-- 포팅 결과 (18/18 성공, 중복 0) --
[PORT] qualia_lens.rs            → qualia_lens.hexa            (1420 B) T1 현상적 풍부성
[PORT] quantum_circuit_lens.rs   → quantum_circuit_lens.hexa   (1391 B) T1 양자 회로 BT-195
[PORT] quantum_jump_lens.rs      → quantum_jump_lens.hexa      (1379 B) T1 양자 점프
[PORT] quantum_lens_impl.rs      → quantum_lens_impl.hexa      (1201 B) T0 상호정보 얽힘
[PORT] quantum_micro_lens.rs     → quantum_micro_lens.hexa     (1224 B) T0 밀도행렬 엔트로피
[PORT] radar_signal_lens.rs      → radar_signal_lens.hexa      (1272 B) T1 레이더 신호 BT-327
[PORT] rail_transport_lens.rs    → rail_transport_lens.hexa    (1229 B) T1 철도 수송 BT-278
[PORT] ratchet_lens.rs           → ratchet_lens.hexa           (1313 B) T1 래칫 단조
[PORT] ratio_lens.rs             → ratio_lens.hexa             (1277 B) T1 n6 비율 탐지
[PORT] recursion_lens.rs         → recursion_lens.hexa         (1230 B) T0 자기유사성
[PORT] recursive_loop_lens.rs    → recursive_loop_lens.hexa    (1355 B) T1 재귀 루프
[PORT] refraction_lens.rs        → refraction_lens.hexa        (1254 B) T1 굴절 스넬
[PORT] register_pressure_lens.rs → register_pressure_lens.hexa (1436 B) compiler 레지스터 압력
[PORT] relativistic_barrier_lens.rs → relativistic_barrier_lens.hexa (1395 B) T1 상대론 장벽
[PORT] renewable_grid_lens.rs    → renewable_grid_lens.hexa    (1412 B) T1 재생에너지 그리드 BT-326
[PORT] renormalization_lens.rs   → renormalization_lens.hexa   (1400 B) T0 재규격화군
[PORT] resonance_lens.rs         → resonance_lens.hexa         (1395 B) T1 공명 결합 BT-74
[PORT] ruler_lens.rs             → ruler_lens.hexa             (1221 B) T0 SVD 유효랭크

-- 통계 --
성공: 18
스킵(중복): 0
실패: 0
총 바이트: 23,804
평균 크기: 1,322 B
